生成启动时间为 2017/9/1 星期五 上午 9:24:34。
     1>项目“E:\3.software\2.VS2010\code\MFC_Controler\MFC_Controler\MFC_Controler.vcxproj”在节点 2 上(build 个目标)。
     1>InitializeBuildStatus:
         正在创建“Debug\MFC_Controler.unsuccessfulbuild”，因为已指定“AlwaysCreate”。
       ClCompile:
         所有输出均为最新。
         E:\3.software\2.VS2010\exe\VC\bin\CL.exe /c /I.\Controlers /I"E:\3.software\21.Visual Leak Detector\include" /ZI /nologo /W3 /WX- /Od /Oy- /D WIN32 /D _WINDOWS /D _DEBUG /D _MBCS /D _AFXDLL /Gm /EHsc /RTC1 /MDd /GS /fp:precise /Zc:wchar_t /Zc:forScope /Fo"Debug\\" /Fd"Debug\vc100.pdb" /Gd /TP /analyze- /errorReport:prompt Controlers\MyStatic.cpp
         MyStatic.cpp
         _WIN32_WINNT not defined. Defaulting to _WIN32_WINNT_MAXVER (see WinSDKVer.h)
         所有输出均为最新。
       ResourceCompile:
         所有输出均为最新。
       ManifestResourceCompile:
         所有输出均为最新。
       Link:
         E:\3.software\2.VS2010\exe\VC\bin\link.exe /ERRORREPORT:PROMPT /OUT:"E:\3.software\2.VS2010\code\MFC_Controler\Debug\MFC_Controler.exe" /INCREMENTAL /NOLOGO /LIBPATH:"E:\3.software\21.Visual Leak Detector\lib\Win32" /MANIFEST /ManifestFile:"Debug\MFC_Controler.exe.intermediate.manifest" /MANIFESTUAC:"level='asInvoker' uiAccess='false'" /DEBUG /PDB:"E:\3.software\2.VS2010\code\MFC_Controler\Debug\MFC_Controler.pdb" /SUBSYSTEM:WINDOWS /TLBID:1 /DYNAMICBASE /NXCOMPAT /IMPLIB:"E:\3.software\2.VS2010\code\MFC_Controler\Debug\MFC_Controler.lib" /MACHINE:X86 Debug\MFC_Controler.res
         Debug\MFC_Controler.exe.embed.manifest.res
         Debug\MyStatic.obj
         Debug\DlgStatic.obj
         Debug\MFC_Controler.obj
         Debug\MFC_ControlerDlg.obj
         Debug\stdafx.obj
       Manifest:
         C:\Program Files (x86)\Microsoft SDKs\Windows\v7.0A\bin\mt.exe /nologo /verbose /out:"Debug\MFC_Controler.exe.embed.manifest" /manifest Debug\MFC_Controler.exe.intermediate.manifest E:\3.software\2.VS2010\exe\VC\Include\Manifest\dpiaware.manifest
         所有输出均为最新。
       LinkEmbedManifest:
         所有输出均为最新。
         MFC_Controler.vcxproj -> E:\3.software\2.VS2010\code\MFC_Controler\Debug\MFC_Controler.exe
       FinalizeBuildStatus:
         正在删除文件“Debug\MFC_Controler.unsuccessfulbuild”。
         正在对“Debug\MFC_Controler.lastbuildstate”执行 Touch 任务。
     1>已完成生成项目“E:\3.software\2.VS2010\code\MFC_Controler\MFC_Controler\MFC_Controler.vcxproj”(build 个目标)的操作。

生成成功。

已用时间 00:00:01.45
